<?xml version="1.0" encoding="UTF-8"?>
<!-- Generated by org.testng.reporters.JUnitReportReporter -->
<testsuite hostname="DESKTOP-9FN51LS" failures="0" tests="1" name="testscripts.AddPythonToClassTest" time="38.544" errors="0" timestamp="2023-05-30T14:51:57 IST" skipped="0">
  <testcase classname="testscripts.AddPythonToClassTest" name="addPythonToCartTest" time="38.544"/>
  <system-out/>
</testsuite> <!-- testscripts.AddPythonToClassTest -->
