<?xml version="1.0" encoding="UTF-8"?>
<!-- Generated by org.testng.reporters.JUnitReportReporter -->
<testsuite hostname="DESKTOP-9FN51LS" failures="0" tests="1" name="testscripts.AddToCartTest" time="13.087" errors="0" timestamp="2023-05-30T14:52:30 IST" skipped="0">
  <testcase classname="testscripts.AddToCartTest" name="addToCartTest" time="13.087"/>
  <system-out/>
</testsuite> <!-- testscripts.AddToCartTest -->
