<?xml version="1.0" encoding="UTF-8"?>
<!-- Generated by org.testng.reporters.JUnitReportReporter -->
<testsuite hostname="DESKTOP-9FN51LS" failures="0" tests="1" name="testscripts.SendContactDetailsTest" time="23.612" errors="0" timestamp="2023-05-30T14:50:04 IST" skipped="0">
  <testcase classname="testscripts.SendContactDetailsTest" name="sendContactDeatilsTest" time="23.612"/>
  <system-out/>
</testsuite> <!-- testscripts.SendContactDetailsTest -->
